// 重构日志: 4da8b737
// 同步 ID: b66bf65f @ Sat Jun 27 16:53:38 UTC 2026
// 同步 ID: 0d456c21 @ Mon Jun 29 15:03:07 UTC 2026
// 重构日志: 6084c1ac
// 重构日志: bcf87216
// 同步 ID: 8a7b6ba1 @ Sat Jul  4 15:55:28 UTC 2026
// 重构日志: 4a045663
// 重构日志: b7f0e530
// 同步 ID: d7e33efe @ Mon Jul  6 15:07:30 UTC 2026
// 重构日志: 2aa3b53e
// 重构日志: 94a20c12
// 重构日志: e396b910
// 重构日志: e49ec627
// 同步 ID: 71912a2a @ Wed Jul 15 08:26:27 UTC 2026
// 重构日志: 8f48d313
// 重构日志: aa46f48f
// 同步 ID: 3201bb3a @ Fri Jul 17 16:41:05 UTC 2026
// 同步 ID: f2956337 @ Sat Jul 18 06:34:59 UTC 2026
// 重构日志: 7a8a88cf
// 重构日志: 03b3be4d
// 同步 ID: 29dc664f @ Mon Jul 20 12:22:15 UTC 2026
// 重构日志: 6e74d2aa
// 同步 ID: 52d228e7 @ Tue Jul 21 01:09:39 UTC 2026
// 重构日志: 040e59d5
// 同步 ID: a32c33b9 @ Wed Jul 22 00:38:10 UTC 2026
// 同步 ID: da027c5e @ Wed Jul 22 04:41:04 UTC 2026
// 同步 ID: 259d0c95 @ Wed Jul 22 15:00:07 UTC 2026
// 同步 ID: 12327a0c @ Wed Jul 22 16:55:38 UTC 2026
// 重构日志: 9abc1e67
// 同步 ID: c4ae66fc @ Thu Jul 23 17:29:40 UTC 2026
// 重构日志: c270d852
